Loading parser from serialized file /NLP_TOOLS/parsers/stanford_parser/latest/englishPCFG.ser.gz ... done [1.2 sec].
Parsing file: sotu2013.txt
Parsing [sent. 1 len. 41]: [Mr., Speaker, ,, Mr., Vice, President, ,, members, of, Congress, ,, fellow, citizens, :, Fifty-one, years, ago, ,, John, F., Kennedy, declared, to, this, chamber, that, ``, the, Constitution, makes, us, not, rivals, for, power, but, partners, for, progress, ., '']
Parsing [sent. 2 len. 30]: [``, It, is, my, task, ,, '', he, said, ,, ``, to, report, the, State, of, the, Union, --, to, improve, it, is, the, task, of, us, all, ., '']
Parsing [sent. 3 len. 20]: [Tonight, ,, thanks, to, the, grit, and, determination, of, the, American, people, ,, there, is, much, progress, to, report, .]
Parsing [sent. 4 len. 18]: [After, a, decade, of, grinding, war, ,, our, brave, men, and, women, in, uniform, are, coming, home, .]
Parsing [sent. 5 len. 16]: [After, years, of, grueling, recession, ,, our, businesses, have, created, over, six, million, new, jobs, .]
Parsing [sent. 6 len. 22]: [We, buy, more, American, cars, than, we, have, in, five, years, ,, and, less, foreign, oil, than, we, have, in, 20, .]
Parsing [sent. 7 len. 26]: [Our, housing, market, is, healing, ,, our, stock, market, is, rebounding, ,, and, consumers, ,, patients, ,, and, homeowners, enjoy, stronger, protections, than, ever, before, .]
Parsing [sent. 8 len. 29]: [So, ,, together, ,, we, have, cleared, away, the, rubble, of, crisis, ,, and, we, can, say, with, renewed, confidence, that, the, State, of, our, Union, is, stronger, .]
Parsing [sent. 9 len. 22]: [But, we, gather, here, knowing, that, there, are, millions, of, Americans, whose, hard, work, and, dedication, have, not, yet, been, rewarded, .]
Parsing [sent. 10 len. 17]: [Our, economy, is, adding, jobs, --, but, too, many, people, still, ca, n't, find, full-time, employment, .]
Parsing [sent. 11 len. 22]: [Corporate, profits, have, skyrocketed, to, all-time, highs, --, but, for, more, than, a, decade, ,, wages, and, incomes, have, barely, budged, .]
Parsing [sent. 12 len. 27]: [It, is, our, generation, 's, task, ,, then, ,, to, reignite, the, true, engine, of, America, 's, economic, growth, --, a, rising, ,, thriving, middle, class, .]
Parsing [sent. 13 len. 51]: [It, is, our, unfinished, task, to, restore, the, basic, bargain, that, built, this, country, --, the, idea, that, if, you, work, hard, and, meet, your, responsibilities, ,, you, can, get, ahead, ,, no, matter, where, you, come, from, ,, no, matter, what, you, look, like, ,, or, who, you, love, .]
Parsing [sent. 14 len. 48]: [It, is, our, unfinished, task, to, make, sure, that, this, government, works, on, behalf, of, the, many, ,, and, not, just, the, few, ;, that, it, encourages, free, enterprise, ,, rewards, individual, initiative, ,, and, opens, the, doors, of, opportunity, to, every, child, across, this, great, nation, .]
Parsing [sent. 15 len. 12]: [The, American, people, do, n't, expect, government, to, solve, every, problem, .]
Parsing [sent. 16 len. 16]: [They, do, n't, expect, those, of, us, in, this, chamber, to, agree, on, every, issue, .]
Parsing [sent. 17 len. 14]: [But, they, do, expect, us, to, put, the, nation, 's, interests, before, party, .]
Parsing [sent. 18 len. 12]: [They, do, expect, us, to, forge, reasonable, compromise, where, we, can, .]
Parsing [sent. 19 len. 29]: [For, they, know, that, America, moves, forward, only, when, we, do, so, together, ,, and, that, the, responsibility, of, improving, this, union, remains, the, task, of, us, all, .]
Parsing [sent. 20 len. 27]: [Our, work, must, begin, by, making, some, basic, decisions, about, our, budget, --, decisions, that, will, have, a, huge, impact, on, the, strength, of, our, recovery, .]
Parsing [sent. 21 len. 41]: [Over, the, last, few, years, ,, both, parties, have, worked, together, to, reduce, the, deficit, by, more, than, $, 2.5, trillion, --, mostly, through, spending, cuts, ,, but, also, by, raising, tax, rates, on, the, wealthiest, 1, percent, of, Americans, .]
Parsing [sent. 22 len. 29]: [As, a, result, ,, we, are, more, than, halfway, towards, the, goal, of, $, 4, trillion, in, deficit, reduction, that, economists, say, we, need, to, stabilize, our, finances, .]
Parsing [sent. 23 len. 8]: [Now, we, need, to, finish, the, job, .]
Parsing [sent. 24 len. 7]: [And, the, question, is, ,, how, ?]
Parsing [sent. 25 len. 41]: [In, 2011, ,, Congress, passed, a, law, saying, that, if, both, parties, could, n't, agree, on, a, plan, to, reach, our, deficit, goal, ,, about, a, trillion, dollars, ', worth, of, budget, cuts, would, automatically, go, into, effect, this, year, .]
Parsing [sent. 26 len. 13]: [These, sudden, ,, harsh, ,, arbitrary, cuts, would, jeopardize, our, military, readiness, .]
Parsing [sent. 27 len. 14]: [They, 'd, devastate, priorities, like, education, ,, and, energy, ,, and, medical, research, .]
Parsing [sent. 28 len. 16]: [They, would, certainly, slow, our, recovery, ,, and, cost, us, hundreds, of, thousands, of, jobs, .]
Parsing [sent. 29 len. 33]: [That, 's, why, Democrats, ,, Republicans, ,, business, leaders, ,, and, economists, have, already, said, that, these, cuts, ,, known, here, in, Washington, as, the, sequester, ,, are, a, really, bad, idea, .]
Parsing [sent. 30 len. 31]: [Now, ,, some, in, Congress, have, proposed, preventing, only, the, defense, cuts, by, making, even, bigger, cuts, to, things, like, education, and, job, training, ,, Medicare, and, Social, Security, benefits, .]
Parsing [sent. 31 len. 6]: [That, idea, is, even, worse, .]
Parsing [sent. 32 len. 21]: [Yes, ,, the, biggest, driver, of, our, long-term, debt, is, the, rising, cost, of, health, care, for, an, aging, population, .]
Parsing [sent. 33 len. 47]: [And, those, of, us, who, care, deeply, about, programs, like, Medicare, must, embrace, the, need, for, modest, reforms, --, otherwise, ,, our, retirement, programs, will, crowd, out, the, investments, we, need, for, our, children, ,, and, jeopardize, the, promise, of, a, secure, retirement, for, future, generations, .]
Parsing [sent. 34 len. 30]: [But, we, ca, n't, ask, senior, citizens, and, working, families, to, shoulder, the, entire, burden, of, deficit, reduction, while, asking, nothing, more, from, the, wealthiest, and, the, most, powerful, .]
Parsing [sent. 35 len. 40]: [We, wo, n't, grow, the, middle, class, simply, by, shifting, the, cost, of, health, care, or, college, onto, families, that, are, already, struggling, ,, or, by, forcing, communities, to, lay, off, more, teachers, and, more, cops, and, more, firefighters, .]
Parsing [sent. 36 len. 22]: [Most, Americans, --, Democrats, ,, Republicans, ,, and, independents, --, understand, that, we, ca, n't, just, cut, our, way, to, prosperity, .]
Parsing [sent. 37 len. 28]: [They, know, that, broad-based, economic, growth, requires, a, balanced, approach, to, deficit, reduction, ,, with, spending, cuts, and, revenue, ,, and, with, everybody, doing, their, fair, share, .]
Parsing [sent. 38 len. 9]: [And, that, 's, the, approach, I, offer, tonight, .]
Parsing [sent. 39 len. 36]: [On, Medicare, ,, I, 'm, prepared, to, enact, reforms, that, will, achieve, the, same, amount, of, health, care, savings, by, the, beginning, of, the, next, decade, as, the, reforms, proposed, by, the, bipartisan, Simpson-Bowles, commission, .]
Parsing [sent. 40 len. 17]: [Already, ,, the, Affordable, Care, Act, is, helping, to, slow, the, growth, of, health, care, costs, .]
Parsing [sent. 41 len. 10]: [And, the, reforms, I, 'm, proposing, go, even, further, .]
Parsing [sent. 42 len. 17]: [We, 'll, reduce, taxpayer, subsidies, to, prescription, drug, companies, and, ask, more, from, the, wealthiest, seniors, .]
Parsing [sent. 43 len. 50]: [We, 'll, bring, down, costs, by, changing, the, way, our, government, pays, for, Medicare, ,, because, our, medical, bills, should, n't, be, based, on, the, number, of, tests, ordered, or, days, spent, in, the, hospital, ;, they, should, be, based, on, the, quality, of, care, that, our, seniors, receive, .]
Parsing [sent. 44 len. 25]: [And, I, am, open, to, additional, reforms, from, both, parties, ,, so, long, as, they, do, n't, violate, the, guarantee, of, a, secure, retirement, .]
Parsing [sent. 45 len. 22]: [Our, government, should, n't, make, promises, we, can, not, keep, --, but, we, must, keep, the, promises, we, 've, already, made, .]
Parsing [sent. 46 len. 44]: [To, hit, the, rest, of, our, deficit, reduction, target, ,, we, should, do, what, leaders, in, both, parties, have, already, suggested, ,, and, save, hundreds, of, billions, of, dollars, by, getting, rid, of, tax, loopholes, and, deductions, for, the, well-off, and, the, well-connected, .]
Parsing [sent. 47 len. 23]: [After, all, ,, why, would, we, choose, to, make, deeper, cuts, to, education, and, Medicare, just, to, protect, special, interest, tax, breaks, ?]
Parsing [sent. 48 len. 5]: [How, is, that, fair, ?]
Parsing [sent. 49 len. 23]: [Why, is, it, that, deficit, reduction, is, a, big, emergency, justifying, making, cuts, in, Social, Security, benefits, but, not, closing, some, loopholes, ?]
Parsing [sent. 50 len. 6]: [How, does, that, promote, growth, ?]
Parsing [sent. 51 len. 22]: [Now, is, our, best, chance, for, bipartisan, ,, comprehensive, tax, reform, that, encourages, job, creation, and, helps, bring, down, the, deficit, .]
Parsing [sent. 52 len. 6]: [We, can, get, this, done, .]
Parsing [sent. 53 len. 82]: [The, American, people, deserve, a, tax, code, that, helps, small, businesses, spend, less, time, filling, out, complicated, forms, ,, and, more, time, expanding, and, hiring, --, a, tax, code, that, ensures, billionaires, with, high-powered, accountants, ca, n't, work, the, system, and, pay, a, lower, rate, than, their, hardworking, secretaries, ;, a, tax, code, that, lowers, incentives, to, move, jobs, overseas, ,, and, lowers, tax, rates, for, businesses, and, manufacturers, that, are, creating, jobs, right, here, in, the, United, States, of, America, .]
Parsing [sent. 54 len. 8]: [That, 's, what, tax, reform, can, deliver, .]
Parsing [sent. 55 len. 8]: [That, 's, what, we, can, do, together, .]
Parsing [sent. 56 len. 13]: [I, realize, that, tax, reform, and, entitlement, reform, will, not, be, easy, .]
Parsing [sent. 57 len. 9]: [The, politics, will, be, hard, for, both, sides, .]
Parsing [sent. 58 len. 12]: [None, of, us, will, get, 100, percent, of, what, we, want, .]
Parsing [sent. 59 len. 20]: [But, the, alternative, will, cost, us, jobs, ,, hurt, our, economy, ,, visit, hardship, on, millions, of, hardworking, Americans, .]
Parsing [sent. 60 len. 27]: [So, let, 's, set, party, interests, aside, and, work, to, pass, a, budget, that, replaces, reckless, cuts, with, smart, savings, and, wise, investments, in, our, future, .]
Parsing [sent. 61 len. 16]: [And, let, 's, do, it, without, the, brinksmanship, that, stresses, consumers, and, scares, off, investors, .]
Parsing [sent. 62 len. 21]: [The, greatest, nation, on, Earth, can, not, keep, conducting, its, business, by, drifting, from, one, manufactured, crisis, to, the, next, .]
Parsing [sent. 63 len. 6]: [We, ca, n't, do, it, .]
Parsing [sent. 64 len. 38]: [Let, 's, agree, right, here, ,, right, now, to, keep, the, people, 's, government, open, ,, and, pay, our, bills, on, time, ,, and, always, uphold, the, full, faith, and, credit, of, the, United, States, of, America, .]
Parsing [sent. 65 len. 24]: [The, American, people, have, worked, too, hard, ,, for, too, long, ,, rebuilding, from, one, crisis, to, see, their, elected, officials, cause, another, .]
Parsing [sent. 66 len. 20]: [Now, ,, most, of, us, agree, that, a, plan, to, reduce, the, deficit, must, be, part, of, our, agenda, .]
Parsing [sent. 67 len. 15]: [But, let, 's, be, clear, ,, deficit, reduction, alone, is, not, an, economic, plan, .]
Parsing [sent. 68 len. 21]: [A, growing, economy, that, creates, good, ,, middle-class, jobs, --, that, must, be, the, North, Star, that, guides, our, efforts, .]
Parsing [sent. 69 len. 23]: [Every, day, ,, we, should, ask, ourselves, three, questions, as, a, nation, :, How, do, we, attract, more, jobs, to, our, shores, ?]
Parsing [sent. 70 len. 16]: [How, do, we, equip, our, people, with, the, skills, they, need, to, get, those, jobs, ?]
Parsing [sent. 71 len. 15]: [And, how, do, we, make, sure, that, hard, work, leads, to, a, decent, living, ?]
Parsing [sent. 72 len. 27]: [A, year, and, a, half, ago, ,, I, put, forward, an, American, Jobs, Act, that, independent, economists, said, would, create, more, than, 1, million, new, jobs, .]
Parsing [sent. 73 len. 13]: [And, I, thank, the, last, Congress, for, passing, some, of, that, agenda, .]
Parsing [sent. 74 len. 9]: [I, urge, this, Congress, to, pass, the, rest, .]
Parsing [sent. 75 len. 30]: [But, tonight, ,, I, 'll, lay, out, additional, proposals, that, are, fully, paid, for, and, fully, consistent, with, the, budget, framework, both, parties, agreed, to, just, 18, months, ago, .]
Parsing [sent. 76 len. 18]: [Let, me, repeat, --, nothing, I, 'm, proposing, tonight, should, increase, our, deficit, by, a, single, dime, .]
Parsing [sent. 77 len. 22]: [It, is, not, a, bigger, government, we, need, ,, but, a, smarter, government, that, sets, priorities, and, invests, in, broad-based, growth, .]
Parsing [sent. 78 len. 9]: [That, 's, what, we, should, be, looking, for, .]
Parsing [sent. 79 len. 14]: [Our, first, priority, is, making, America, a, magnet, for, new, jobs, and, manufacturing, .]
Parsing [sent. 80 len. 21]: [After, shedding, jobs, for, more, than, 10, years, ,, our, manufacturers, have, added, about, 500,000, jobs, over, the, past, three, .]
Parsing [sent. 81 len. 8]: [Caterpillar, is, bringing, jobs, back, from, Japan, .]
Parsing [sent. 82 len. 8]: [Ford, is, bringing, jobs, back, from, Mexico, .]
Parsing [sent. 83 len. 13]: [And, this, year, ,, Apple, will, start, making, Macs, in, America, again, .]
Parsing [sent. 84 len. 15]: [There, are, things, we, can, do, ,, right, now, ,, to, accelerate, this, trend, .]
Parsing [sent. 85 len. 15]: [Last, year, ,, we, created, our, first, manufacturing, innovation, institute, in, Youngstown, ,, Ohio, .]
Parsing [sent. 86 len. 30]: [A, once-shuttered, warehouse, is, now, a, state-of-the, art, lab, where, new, workers, are, mastering, the, 3D, printing, that, has, the, potential, to, revolutionize, the, way, we, make, almost, everything, .]
Parsing [sent. 87 len. 12]: [There, 's, no, reason, this, ca, n't, happen, in, other, towns, .]
Parsing [sent. 88 len. 41]: [So, tonight, ,, I, 'm, announcing, the, launch, of, three, more, of, these, manufacturing, hubs, ,, where, businesses, will, partner, with, the, Department, of, Defense, and, Energy, to, turn, regions, left, behind, by, globalization, into, global, centers, of, high-tech, jobs, .]
Parsing [sent. 89 len. 30]: [And, I, ask, this, Congress, to, help, create, a, network, of, 15, of, these, hubs, and, guarantee, that, the, next, revolution, in, manufacturing, is, made, right, here, in, America, .]
Parsing [sent. 90 len. 6]: [We, can, get, that, done, .]
Parsing [sent. 91 len. 21]: [Now, ,, if, we, want, to, make, the, best, products, ,, we, also, have, to, invest, in, the, best, ideas, .]
Parsing [sent. 92 len. 19]: [Every, dollar, we, invested, to, map, the, human, genome, returned, $, 140, to, our, economy, --, every, dollar, .]
Parsing [sent. 93 len. 17]: [Today, ,, our, scientists, are, mapping, the, human, brain, to, unlock, the, answers, to, Alzheimer, 's, .]
Parsing [sent. 94 len. 20]: [They, 're, developing, drugs, to, regenerate, damaged, organs, ;, devising, new, material, to, make, batteries, 10, times, more, powerful, .]
Parsing [sent. 95 len. 15]: [Now, is, not, the, time, to, gut, these, job-creating, investments, in, science, and, innovation, .]
Parsing [sent. 96 len. 22]: [Now, is, the, time, to, reach, a, level, of, research, and, development, not, seen, since, the, height, of, the, Space, Race, .]
Parsing [sent. 97 len. 7]: [We, need, to, make, those, investments, .]
Parsing [sent. 98 len. 14]: [Today, ,, no, area, holds, more, promise, than, our, investments, in, American, energy, .]
Parsing [sent. 99 len. 18]: [After, years, of, talking, about, it, ,, we, 're, finally, poised, to, control, our, own, energy, future, .]
Parsing [sent. 100 len. 13]: [We, produce, more, oil, at, home, than, we, have, in, 15, years, .]
Parsing [sent. 101 len. 43]: [We, have, doubled, the, distance, our, cars, will, go, on, a, gallon, of, gas, ,, and, the, amount, of, renewable, energy, we, generate, from, sources, like, wind, and, solar, --, with, tens, of, thousands, of, good, American, jobs, to, show, for, it, .]
Parsing [sent. 102 len. 21]: [We, produce, more, natural, gas, than, ever, before, --, and, nearly, everyone, 's, energy, bill, is, lower, because, of, it, .]
Parsing [sent. 103 len. 22]: [And, over, the, last, four, years, ,, our, emissions, of, the, dangerous, carbon, pollution, that, threatens, our, planet, have, actually, fallen, .]
Parsing [sent. 104 len. 20]: [But, for, the, sake, of, our, children, and, our, future, ,, we, must, do, more, to, combat, climate, change, .]
Parsing [sent. 105 len. 13]: [Now, ,, it, 's, true, that, no, single, event, makes, a, trend, .]
Parsing [sent. 106 len. 18]: [But, the, fact, is, the, 12, hottest, years, on, record, have, all, come, in, the, last, 15, .]
Parsing [sent. 107 len. 18]: [Heat, waves, ,, droughts, ,, wildfires, ,, floods, --, all, are, now, more, frequent, and, more, intense, .]
Parsing [sent. 108 len. 33]: [We, can, choose, to, believe, that, Superstorm, Sandy, ,, and, the, most, severe, drought, in, decades, ,, and, the, worst, wildfires, some, states, have, ever, seen, were, all, just, a, freak, coincidence, .]
Parsing [sent. 109 len. 21]: [Or, we, can, choose, to, believe, in, the, overwhelming, judgment, of, science, --, and, act, before, it, 's, too, late, .]
Parsing [sent. 110 len. 20]: [Now, ,, the, good, news, is, we, can, make, meaningful, progress, on, this, issue, while, driving, strong, economic, growth, .]
Parsing [sent. 111 len. 34]: [I, urge, this, Congress, to, get, together, ,, pursue, a, bipartisan, ,, market-based, solution, to, climate, change, ,, like, the, one, John, McCain, and, Joe, Lieberman, worked, on, together, a, few, years, ago, .]
Parsing [sent. 112 len. 15]: [But, if, Congress, wo, n't, act, soon, to, protect, future, generations, ,, I, will, .]
Parsing [sent. 113 len. 46]: [I, will, direct, my, Cabinet, to, come, up, with, executive, actions, we, can, take, ,, now, and, in, the, future, ,, to, reduce, pollution, ,, prepare, our, communities, for, the, consequences, of, climate, change, ,, and, speed, the, transition, to, more, sustainable, sources, of, energy, .]
Parsing [sent. 114 len. 19]: [Four, years, ago, ,, other, countries, dominated, the, clean, energy, market, and, the, jobs, that, came, with, it, .]
Parsing [sent. 115 len. 8]: [And, we, 've, begun, to, change, that, .]
Parsing [sent. 116 len. 16]: [Last, year, ,, wind, energy, added, nearly, half, of, all, new, power, capacity, in, America, .]
Parsing [sent. 117 len. 7]: [So, let, 's, generate, even, more, .]
Parsing [sent. 118 len. 16]: [Solar, energy, gets, cheaper, by, the, year, --, let, 's, drive, down, costs, even, further, .]
Parsing [sent. 119 len. 18]: [As, long, as, countries, like, China, keep, going, all, in, on, clean, energy, ,, so, must, we, .]
Parsing [sent. 120 len. 20]: [Now, ,, in, the, meantime, ,, the, natural, gas, boom, has, led, to, cleaner, power, and, greater, energy, independence, .]
Parsing [sent. 121 len. 6]: [We, need, to, encourage, that, .]
Parsing [sent. 122 len. 20]: [And, that, 's, why, my, administration, will, keep, cutting, red, tape, and, speeding, up, new, oil, and, gas, permits, .]
Parsing [sent. 123 len. 11]: [That, 's, got, to, be, part, of, an, all-of-the-above, plan, .]
Parsing [sent. 124 len. 30]: [But, I, also, want, to, work, with, this, Congress, to, encourage, the, research, and, technology, that, helps, natural, gas, burn, even, cleaner, and, protects, our, air, and, our, water, .]
Parsing [sent. 125 len. 23]: [In, fact, ,, much, of, our, new-found, energy, is, drawn, from, lands, and, waters, that, we, ,, the, public, ,, own, together, .]
Parsing [sent. 126 len. 38]: [So, tonight, ,, I, propose, we, use, some, of, our, oil, and, gas, revenues, to, fund, an, Energy, Security, Trust, that, will, drive, new, research, and, technology, to, shift, our, cars, and, trucks, off, oil, for, good, .]
Parsing [sent. 127 len. 22]: [If, a, nonpartisan, coalition, of, CEOs, and, retired, generals, and, admirals, can, get, behind, this, idea, ,, then, so, can, we, .]
Parsing [sent. 128 len. 28]: [Let, 's, take, their, advice, and, free, our, families, and, businesses, from, the, painful, spikes, in, gas, prices, we, 've, put, up, with, for, far, too, long, .]
Parsing [sent. 129 len. 29]: [I, 'm, also, issuing, a, new, goal, for, America, :, Let, 's, cut, in, half, the, energy, wasted, by, our, homes, and, businesses, over, the, next, 20, years, .]
Parsing [sent. 130 len. 10]: [We, 'll, work, with, the, states, to, do, it, .]
Parsing [sent. 131 len. 28]: [Those, states, with, the, best, ideas, to, create, jobs, and, lower, energy, bills, by, constructing, more, efficient, buildings, will, receive, federal, support, to, help, make, that, happen, .]
Parsing [sent. 132 len. 18]: [America, 's, energy, sector, is, just, one, part, of, an, aging, infrastructure, badly, in, need, of, repair, .]
Parsing [sent. 133 len. 34]: [Ask, any, CEO, where, they, 'd, rather, locate, and, hire, --, a, country, with, deteriorating, roads, and, bridges, ,, or, one, with, high-speed, rail, and, Internet, ;, high-tech, schools, ,, self-healing, power, grids, .]
Parsing [sent. 134 len. 33]: [The, CEO, of, Siemens, America, --, a, company, that, brought, hundreds, of, new, jobs, to, North, Carolina, --, said, that, if, we, upgrade, our, infrastructure, ,, they, 'll, bring, even, more, jobs, .]
Parsing [sent. 135 len. 15]: [And, that, 's, the, attitude, of, a, lot, of, companies, all, around, the, world, .]
Parsing [sent. 136 len. 12]: [And, I, know, you, want, these, job-creating, projects, in, your, district, .]
Parsing [sent. 137 len. 7]: [I, 've, seen, all, those, ribbon-cuttings, .]
Parsing [sent. 138 len. 4]: [-LRB-, Laughter, ., -RRB-]
Parsing [sent. 139 len. 36]: [So, tonight, ,, I, propose, a, ``, Fix-It-First, '', program, to, put, people, to, work, as, soon, as, possible, on, our, most, urgent, repairs, ,, like, the, nearly, 70,000, structurally, deficient, bridges, across, the, country, .]
Parsing [sent. 140 len. 54]: [And, to, make, sure, taxpayers, do, n't, shoulder, the, whole, burden, ,, I, 'm, also, proposing, a, Partnership, to, Rebuild, America, that, attracts, private, capital, to, upgrade, what, our, businesses, need, most, :, modern, ports, to, move, our, goods, ,, modern, pipelines, to, withstand, a, storm, ,, modern, schools, worthy, of, our, children, .]
Parsing [sent. 141 len. 28]: [Let, 's, prove, that, there, 's, no, better, place, to, do, business, than, here, in, the, United, States, of, America, ,, and, let, 's, start, right, away, .]
Parsing [sent. 142 len. 6]: [We, can, get, this, done, .]
Parsing [sent. 143 len. 13]: [And, part, of, our, rebuilding, effort, must, also, involve, our, housing, sector, .]
Parsing [sent. 144 len. 16]: [The, good, news, is, our, housing, market, is, finally, healing, from, the, collapse, of, 2007, .]
Parsing [sent. 145 len. 12]: [Home, prices, are, rising, at, the, fastest, pace, in, six, years, .]
Parsing [sent. 146 len. 14]: [Home, purchases, are, up, nearly, 50, percent, ,, and, construction, is, expanding, again, .]
Parsing [sent. 147 len. 26]: [But, even, with, mortgage, rates, near, a, 50-year, low, ,, too, many, families, with, solid, credit, who, want, to, buy, a, home, are, being, rejected, .]
Parsing [sent. 148 len. 17]: [Too, many, families, who, never, missed, a, payment, and, want, to, refinance, are, being, told, no., .]
Parsing [sent. 149 len. 8]: [That, 's, holding, our, entire, economy, back, .]
Parsing [sent. 150 len. 6]: [We, need, to, fix, it, .]
Parsing [sent. 151 len. 33]: [Right, now, ,, there, 's, a, bill, in, this, Congress, that, would, give, every, responsible, homeowner, in, America, the, chance, to, save, $, 3,000, a, year, by, refinancing, at, today, 's, rates, .]
Parsing [sent. 152 len. 15]: [Democrats, and, Republicans, have, supported, it, before, ,, so, what, are, we, waiting, for, ?]
Parsing [sent. 153 len. 10]: [Take, a, vote, ,, and, send, me, that, bill, .]
Parsing [sent. 154 len. 7]: [Why, would, we, be, against, that, ?]
Parsing [sent. 155 len. 12]: [Why, would, that, be, a, partisan, issue, ,, helping, folks, refinance, ?]
Parsing [sent. 156 len. 15]: [Right, now, ,, overlapping, regulations, keep, responsible, young, families, from, buying, their, first, home, .]
Parsing [sent. 157 len. 6]: [What, 's, holding, us, back, ?]
Parsing [sent. 158 len. 12]: [Let, 's, streamline, the, process, ,, and, help, our, economy, grow, .]
Parsing [sent. 159 len. 27]: [These, initiatives, in, manufacturing, ,, energy, ,, infrastructure, ,, housing, --, all, these, things, will, help, entrepreneurs, and, small, business, owners, expand, and, create, new, jobs, .]
Parsing [sent. 160 len. 22]: [But, none, of, it, will, matter, unless, we, also, equip, our, citizens, with, the, skills, and, training, to, fill, those, jobs, .]
Parsing [sent. 161 len. 11]: [And, that, has, to, start, at, the, earliest, possible, age, .]
Parsing [sent. 162 len. 22]: [Study, after, study, shows, that, the, sooner, a, child, begins, learning, ,, the, better, he, or, she, does, down, the, road, .]
Parsing [sent. 163 len. 18]: [But, today, ,, fewer, than, 3, in, 10, four, year-olds, are, enrolled, in, a, high-quality, preschool, program, .]
Parsing [sent. 164 len. 17]: [Most, middle-class, parents, ca, n't, afford, a, few, hundred, bucks, a, week, for, a, private, preschool, .]
Parsing [sent. 165 len. 27]: [And, for, poor, kids, who, need, help, the, most, ,, this, lack, of, access, to, preschool, education, can, shadow, them, for, the, rest, of, their, lives, .]
Parsing [sent. 166 len. 20]: [So, tonight, ,, I, propose, working, with, states, to, make, high-quality, preschool, available, to, every, single, child, in, America, .]
Parsing [sent. 167 len. 10]: [That, 's, something, we, should, be, able, to, do, .]
Parsing [sent. 168 len. 32]: [Every, dollar, we, invest, in, high-quality, early, childhood, education, can, save, more, than, seven, dollars, later, on, --, by, boosting, graduation, rates, ,, reducing, teen, pregnancy, ,, even, reducing, violent, crime, .]
Parsing [sent. 169 len. 50]: [In, states, that, make, it, a, priority, to, educate, our, youngest, children, ,, like, Georgia, or, Oklahoma, ,, studies, show, students, grow, up, more, likely, to, read, and, do, math, at, grade, level, ,, graduate, high, school, ,, hold, a, job, ,, form, more, stable, families, of, their, own, .]
Parsing [sent. 170 len. 5]: [We, know, this, works, .]
Parsing [sent. 171 len. 21]: [So, let, 's, do, what, works, and, make, sure, none, of, our, children, start, the, race, of, life, already, behind, .]
Parsing [sent. 172 len. 8]: [Let, 's, give, our, kids, that, chance, .]
Parsing [sent. 173 len. 21]: [Let, 's, also, make, sure, that, a, high, school, diploma, puts, our, kids, on, a, path, to, a, good, job, .]
Parsing [sent. 174 len. 27]: [Right, now, ,, countries, like, Germany, focus, on, graduating, their, high, school, students, with, the, equivalent, of, a, technical, degree, from, one, of, our, community, colleges, .]
Parsing [sent. 175 len. 17]: [So, those, German, kids, ,, they, 're, ready, for, a, job, when, they, graduate, high, school, .]
Parsing [sent. 176 len. 11]: [They, 've, been, trained, for, the, jobs, that, are, there, .]
Parsing [sent. 177 len. 42]: [Now, at, schools, like, P-Tech, in, Brooklyn, ,, a, collaboration, between, New, York, Public, Schools, and, City, University, of, New, York, and, IBM, ,, students, will, graduate, with, a, high, school, diploma, and, an, associate, 's, degree, in, computers, or, engineering, .]
Parsing [sent. 178 len. 11]: [We, need, to, give, every, American, student, opportunities, like, this, .]
Parsing [sent. 179 len. 41]: [And, four, years, ago, ,, we, started, Race, to, the, Top, --, a, competition, that, convinced, almost, every, state, to, develop, smarter, curricula, and, higher, standards, ,, all, for, about, 1, percent, of, what, we, spend, on, education, each, year, .]
Parsing [sent. 180 len. 27]: [Tonight, ,, I, 'm, announcing, a, new, challenge, to, redesign, America, 's, high, schools, so, they, better, equip, graduates, for, the, demands, of, a, high-tech, economy, .]
Parsing [sent. 181 len. 53]: [And, we, 'll, reward, schools, that, develop, new, partnerships, with, colleges, and, employers, ,, and, create, classes, that, focus, on, science, ,, technology, ,, engineering, and, math, --, the, skills, today, 's, employers, are, looking, for, to, fill, the, jobs, that, are, there, right, now, and, will, be, there, in, the, future, .]
Parsing [sent. 182 len. 17]: [Now, ,, even, with, better, high, schools, ,, most, young, people, will, need, some, higher, education, .]
Parsing [sent. 183 len. 31]: [It, 's, a, simple, fact, the, more, education, you, 've, got, ,, the, more, likely, you, are, to, have, a, good, job, and, work, your, way, into, the, middle, class, .]
Parsing [sent. 184 len. 23]: [But, today, ,, skyrocketing, costs, price, too, many, young, people, out, of, a, higher, education, ,, or, saddle, them, with, unsustainable, debt, .]
Parsing [sent. 185 len. 27]: [Through, tax, credits, ,, grants, and, better, loans, ,, we, 've, made, college, more, affordable, for, millions, of, students, and, families, over, the, last, few, years, .]
Parsing [sent. 186 len. 17]: [But, taxpayers, ca, n't, keep, on, subsidizing, higher, and, higher, and, higher, costs, for, higher, education, .]
Parsing [sent. 187 len. 22]: [Colleges, must, do, their, part, to, keep, costs, down, ,, and, it, 's, our, job, to, make, sure, that, they, do, .]
Parsing [sent. 188 len. 30]: [So, tonight, ,, I, ask, Congress, to, change, the, Higher, Education, Act, so, that, affordability, and, value, are, included, in, determining, which, colleges, receive, certain, types, of, federal, aid, .]
Parsing [sent. 189 len. 40]: [And, tomorrow, ,, my, administration, will, release, a, new, ``, College, Scorecard, '', that, parents, and, students, can, use, to, compare, schools, based, on, a, simple, criteria, --, where, you, can, get, the, most, bang, for, your, educational, buck, .]
Parsing [sent. 190 len. 25]: [Now, ,, to, grow, our, middle, class, ,, our, citizens, have, to, have, access, to, the, education, and, training, that, today, 's, jobs, require, .]
Parsing [sent. 191 len. 34]: [But, we, also, have, to, make, sure, that, America, remains, a, place, where, everyone, who, 's, willing, to, work, --, everybody, who, 's, willing, to, work, hard, has, the, chance, to, get, ahead, .]
Parsing [sent. 192 len. 17]: [Our, economy, is, stronger, when, we, harness, the, talents, and, ingenuity, of, striving, ,, hopeful, immigrants, .]
Parsing [sent. 193 len. 31]: [And, right, now, ,, leaders, from, the, business, ,, labor, ,, law, enforcement, ,, faith, communities, --, they, all, agree, that, the, time, has, come, to, pass, comprehensive, immigration, reform, .]
Parsing [sent. 194 len. 8]: [Now, is, the, time, to, do, it, .]
Parsing [sent. 195 len. 9]: [Now, is, the, time, to, get, it, done, .]
Parsing [sent. 196 len. 9]: [Now, is, the, time, to, get, it, done, .]
Parsing [sent. 197 len. 46]: [Real, reform, means, strong, border, security, ,, and, we, can, build, on, the, progress, my, administration, has, already, made, --, putting, more, boots, on, the, Southern, border, than, at, any, time, in, our, history, and, reducing, illegal, crossings, to, their, lowest, levels, in, 40, years, .]
Parsing [sent. 198 len. 47]: [Real, reform, means, establishing, a, responsible, pathway, to, earned, citizenship, --, a, path, that, includes, passing, a, background, check, ,, paying, taxes, and, a, meaningful, penalty, ,, learning, English, ,, and, going, to, the, back, of, the, line, behind, the, folks, trying, to, come, here, legally, .]
Parsing [sent. 199 len. 30]: [And, real, reform, means, fixing, the, legal, immigration, system, to, cut, waiting, periods, and, attract, the, highly-skilled, entrepreneurs, and, engineers, that, will, help, create, jobs, and, grow, our, economy, .]
Parsing [sent. 200 len. 12]: [In, other, words, ,, we, know, what, needs, to, be, done, .]
Parsing [sent. 201 len. 24]: [And, as, we, speak, ,, bipartisan, groups, in, both, chambers, are, working, diligently, to, draft, a, bill, ,, and, I, applaud, their, efforts, .]
Parsing [sent. 202 len. 7]: [So, let, 's, get, this, done, .]
Parsing [sent. 203 len. 21]: [Send, me, a, comprehensive, immigration, reform, bill, in, the, next, few, months, ,, and, I, will, sign, it, right, away, .]
Parsing [sent. 204 len. 8]: [And, America, will, be, better, for, it, .]
Parsing [sent. 205 len. 6]: [Let, 's, get, it, done, .]
Parsing [sent. 206 len. 6]: [Let, 's, get, it, done, .]
Parsing [sent. 207 len. 7]: [But, we, ca, n't, stop, there, .]
Parsing [sent. 208 len. 35]: [We, know, our, economy, is, stronger, when, our, wives, ,, our, mothers, ,, our, daughters, can, live, their, lives, free, from, discrimination, in, the, workplace, ,, and, free, from, the, fear, of, domestic, violence, .]
Parsing [sent. 209 len. 20]: [Today, ,, the, Senate, passed, the, Violence, Against, Women, Act, that, Joe, Biden, originally, wrote, almost, 20, years, ago, .]
Parsing [sent. 210 len. 11]: [And, I, now, urge, the, House, to, do, the, same, .]
Parsing [sent. 211 len. 5]: [Good, job, ,, Joe, .]
Parsing [sent. 212 len. 28]: [And, I, ask, this, Congress, to, declare, that, women, should, earn, a, living, equal, to, their, efforts, ,, and, finally, pass, the, Paycheck, Fairness, Act, this, year, .]
Parsing [sent. 213 len. 18]: [We, know, our, economy, is, stronger, when, we, reward, an, honest, day, 's, work, with, honest, wages, .]
Parsing [sent. 214 len. 16]: [But, today, ,, a, full-time, worker, making, the, minimum, wage, earns, $, 14,500, a, year, .]
Parsing [sent. 215 len. 27]: [Even, with, the, tax, relief, we, put, in, place, ,, a, family, with, two, kids, that, earns, the, minimum, wage, still, lives, below, the, poverty, line, .]
Parsing [sent. 216 len. 4]: [That, 's, wrong, .]
Parsing [sent. 217 len. 25]: [That, 's, why, ,, since, the, last, time, this, Congress, raised, the, minimum, wage, ,, 19, states, have, chosen, to, bump, theirs, even, higher, .]
Parsing [sent. 218 len. 37]: [Tonight, ,, let, 's, declare, that, in, the, wealthiest, nation, on, Earth, ,, no, one, who, works, full-time, should, have, to, live, in, poverty, ,, and, raise, the, federal, minimum, wage, to, $, 9.00, an, hour, .]
Parsing [sent. 219 len. 9]: [We, should, be, able, to, get, that, done, .]
Parsing [sent. 220 len. 13]: [This, single, step, would, raise, the, incomes, of, millions, of, working, families, .]
Parsing [sent. 221 len. 23]: [It, could, mean, the, difference, between, groceries, or, the, food, bank, ;, rent, or, eviction, ;, scraping, by, or, finally, getting, ahead, .]
Parsing [sent. 222 len. 17]: [For, businesses, across, the, country, ,, it, would, mean, customers, with, more, money, in, their, pockets, .]
Parsing [sent. 223 len. 16]: [And, a, whole, lot, of, folks, out, there, would, probably, need, less, help, from, government, .]
Parsing [sent. 224 len. 28]: [In, fact, ,, working, folks, should, n't, have, to, wait, year, after, year, for, the, minimum, wage, to, go, up, while, CEO, pay, has, never, been, higher, .]
Parsing [sent. 225 len. 40]: [So, here, 's, an, idea, that, Governor, Romney, and, I, actually, agreed, on, last, year, --, let, 's, tie, the, minimum, wage, to, the, cost, of, living, ,, so, that, it, finally, becomes, a, wage, you, can, live, on, .]
Parsing [sent. 226 len. 29]: [Tonight, ,, let, 's, also, recognize, that, there, are, communities, in, this, country, where, no, matter, how, hard, you, work, ,, it, is, virtually, impossible, to, get, ahead, .]
Parsing [sent. 227 len. 10]: [Factory, towns, decimated, from, years, of, plants, packing, up, .]
Parsing [sent. 228 len. 20]: [Inescapable, pockets, of, poverty, ,, urban, and, rural, ,, where, young, adults, are, still, fighting, for, their, first, job, .]
Parsing [sent. 229 len. 17]: [America, is, not, a, place, where, the, chance, of, birth, or, circumstance, should, decide, our, destiny, .]
Parsing [sent. 230 len. 25]: [And, that, 's, why, we, need, to, build, new, ladders, of, opportunity, into, the, middle, class, for, all, who, are, willing, to, climb, them, .]
Parsing [sent. 231 len. 39]: [Let, 's, offer, incentives, to, companies, that, hire, Americans, who, 've, got, what, it, takes, to, fill, that, job, opening, ,, but, have, been, out, of, work, so, long, that, no, one, will, give, them, a, chance, anymore, .]
Parsing [sent. 232 len. 14]: [Let, 's, put, people, back, to, work, rebuilding, vacant, homes, in, run-down, neighborhoods, .]
Parsing [sent. 233 len. 27]: [And, this, year, ,, my, administration, will, begin, to, partner, with, 20, of, the, hardest-hit, towns, in, America, to, get, these, communities, back, on, their, feet, .]
Parsing [sent. 234 len. 19]: [We, 'll, work, with, local, leaders, to, target, resources, at, public, safety, ,, and, education, ,, and, housing, .]
Parsing [sent. 235 len. 13]: [We, 'll, give, new, tax, credits, to, businesses, that, hire, and, invest, .]
Parsing [sent. 236 len. 49]: [And, we, 'll, work, to, strengthen, families, by, removing, the, financial, deterrents, to, marriage, for, low-income, couples, ,, and, do, more, to, encourage, fatherhood, --, because, what, makes, you, a, man, is, n't, the, ability, to, conceive, a, child, ;, it, 's, having, the, courage, to, raise, one, .]
Parsing [sent. 237 len. 7]: [And, we, want, to, encourage, that, .]
Parsing [sent. 238 len. 6]: [We, want, to, help, that, .]
Parsing [sent. 239 len. 3]: [Stronger, families, .]
Parsing [sent. 240 len. 3]: [Stronger, communities, .]
Parsing [sent. 241 len. 4]: [A, stronger, America, .]
Parsing [sent. 242 len. 30]: [It, is, this, kind, of, prosperity, --, broad, ,, shared, ,, built, on, a, thriving, middle, class, --, that, has, always, been, the, source, of, our, progress, at, home, .]
Parsing [sent. 243 len. 14]: [It, 's, also, the, foundation, of, our, power, and, influence, throughout, the, world, .]
Parsing [sent. 244 len. 19]: [Tonight, ,, we, stand, united, in, saluting, the, troops, and, civilians, who, sacrifice, every, day, to, protect, us, .]
Parsing [sent. 245 len. 29]: [Because, of, them, ,, we, can, say, with, confidence, that, America, will, complete, its, mission, in, Afghanistan, and, achieve, our, objective, of, defeating, the, core, of, al, Qaeda, .]
Parsing [sent. 246 len. 14]: [Already, ,, we, have, brought, home, 33,000, of, our, brave, servicemen, and, women, .]
Parsing [sent. 247 len. 20]: [This, spring, ,, our, forces, will, move, into, a, support, role, ,, while, Afghan, security, forces, take, the, lead, .]
Parsing [sent. 248 len. 21]: [Tonight, ,, I, can, announce, that, over, the, next, year, ,, another, 34,000, American, troops, will, come, home, from, Afghanistan, .]
Parsing [sent. 249 len. 20]: [This, drawdown, will, continue, and, by, the, end, of, next, year, ,, our, war, in, Afghanistan, will, be, over, .]
Parsing [sent. 250 len. 24]: [Beyond, 2014, ,, America, 's, commitment, to, a, unified, and, sovereign, Afghanistan, will, endure, ,, but, the, nature, of, our, commitment, will, change, .]
Parsing [sent. 251 len. 48]: [We, 're, negotiating, an, agreement, with, the, Afghan, government, that, focuses, on, two, missions, --, training, and, equipping, Afghan, forces, so, that, the, country, does, not, again, slip, into, chaos, ,, and, counterterrorism, efforts, that, allow, us, to, pursue, the, remnants, of, al, Qaeda, and, their, affiliates, .]
Parsing [sent. 252 len. 17]: [Today, ,, the, organization, that, attacked, us, on, 9\/11, is, a, shadow, of, its, former, self, .]
Parsing [sent. 253 len. 21]: [It, 's, true, ,, different, al, Qaeda, affiliates, and, extremist, groups, have, emerged, --, from, the, Arabian, Peninsula, to, Africa, .]
Parsing [sent. 254 len. 8]: [The, threat, these, groups, pose, is, evolving, .]
Parsing [sent. 255 len. 26]: [But, to, meet, this, threat, ,, we, do, n't, need, to, send, tens, of, thousands, of, our, sons, and, daughters, abroad, or, occupy, other, nations, .]
Parsing [sent. 256 len. 38]: [Instead, ,, we, 'll, need, to, help, countries, like, Yemen, ,, and, Libya, ,, and, Somalia, provide, for, their, own, security, ,, and, help, allies, who, take, the, fight, to, terrorists, ,, as, we, have, in, Mali, .]
Parsing [sent. 257 len. 28]: [And, where, necessary, ,, through, a, range, of, capabilities, ,, we, will, continue, to, take, direct, action, against, those, terrorists, who, pose, the, gravest, threat, to, Americans, .]
Parsing [sent. 258 len. 15]: [Now, ,, as, we, do, ,, we, must, enlist, our, values, in, the, fight, .]
Parsing [sent. 259 len. 22]: [That, 's, why, my, administration, has, worked, tirelessly, to, forge, a, durable, legal, and, policy, framework, to, guide, our, counterterrorism, efforts, .]
Parsing [sent. 260 len. 12]: [Throughout, ,, we, have, kept, Congress, fully, informed, of, our, efforts, .]
Parsing [sent. 261 len. 25]: [I, recognize, that, in, our, democracy, ,, no, one, should, just, take, my, word, for, it, that, we, 're, doing, things, the, right, way, .]
Parsing [sent. 262 len. 54]: [So, in, the, months, ahead, ,, I, will, continue, to, engage, Congress, to, ensure, not, only, that, our, targeting, ,, detention, and, prosecution, of, terrorists, remains, consistent, with, our, laws, and, system, of, checks, and, balances, ,, but, that, our, efforts, are, even, more, transparent, to, the, American, people, and, to, the, world, .]
Parsing [sent. 263 len. 12]: [Of, course, ,, our, challenges, do, n't, end, with, al, Qaeda, .]
Parsing [sent. 264 len. 19]: [America, will, continue, to, lead, the, effort, to, prevent, the, spread, of, the, world, 's, most, dangerous, weapons, .]
Parsing [sent. 265 len. 20]: [The, regime, in, North, Korea, must, know, they, will, only, achieve, security, and, prosperity, by, meeting, their, international, obligations, .]
Parsing [sent. 266 len. 40]: [Provocations, of, the, sort, we, saw, last, night, will, only, further, isolate, them, ,, as, we, stand, by, our, allies, ,, strengthen, our, own, missile, defense, and, lead, the, world, in, taking, firm, action, in, response, to, these, threats, .]
Parsing [sent. 267 len. 47]: [Likewise, ,, the, leaders, of, Iran, must, recognize, that, now, is, the, time, for, a, diplomatic, solution, ,, because, a, coalition, stands, united, in, demanding, that, they, meet, their, obligations, ,, and, we, will, do, what, is, necessary, to, prevent, them, from, getting, a, nuclear, weapon, .]
Parsing [sent. 268 len. 53]: [At, the, same, time, ,, we, 'll, engage, Russia, to, seek, further, reductions, in, our, nuclear, arsenals, ,, and, continue, leading, the, global, effort, to, secure, nuclear, materials, that, could, fall, into, the, wrong, hands, --, because, our, ability, to, influence, others, depends, on, our, willingness, to, lead, and, meet, our, obligations, .]
Parsing [sent. 269 len. 11]: [America, must, also, face, the, rapidly, growing, threat, from, cyber-attacks, .]
Parsing [sent. 270 len. 14]: [Now, ,, we, know, hackers, steal, people, 's, identities, and, infiltrate, private, emails, .]
Parsing [sent. 271 len. 11]: [We, know, foreign, countries, and, companies, swipe, our, corporate, secrets, .]
Parsing [sent. 272 len. 24]: [Now, our, enemies, are, also, seeking, the, ability, to, sabotage, our, power, grid, ,, our, financial, institutions, ,, our, air, traffic, control, systems, .]
Parsing [sent. 273 len. 27]: [We, can, not, look, back, years, from, now, and, wonder, why, we, did, nothing, in, the, face, of, real, threats, to, our, security, and, our, economy, .]
Parsing [sent. 274 len. 41]: [And, that, 's, why, ,, earlier, today, ,, I, signed, a, new, executive, order, that, will, strengthen, our, cyber, defenses, by, increasing, information, sharing, ,, and, developing, standards, to, protect, our, national, security, ,, our, jobs, ,, and, our, privacy, .]
Parsing [sent. 275 len. 26]: [But, now, Congress, must, act, as, well, ,, by, passing, legislation, to, give, our, government, a, greater, capacity, to, secure, our, networks, and, deter, attacks, .]
Parsing [sent. 276 len. 15]: [This, is, something, we, should, be, able, to, get, done, on, a, bipartisan, basis, .]
Parsing [sent. 277 len. 29]: [Now, ,, even, as, we, protect, our, people, ,, we, should, remember, that, today, 's, world, presents, not, just, dangers, ,, not, just, threats, ,, it, presents, opportunities, .]
Parsing [sent. 278 len. 30]: [To, boost, American, exports, ,, support, American, jobs, and, level, the, playing, field, in, the, growing, markets, of, Asia, ,, we, intend, to, complete, negotiations, on, a, Trans-Pacific, Partnership, .]
Parsing [sent. 279 len. 41]: [And, tonight, ,, I, 'm, announcing, that, we, will, launch, talks, on, a, comprehensive, Transatlantic, Trade, and, Investment, Partnership, with, the, European, Union, --, because, trade, that, is, fair, and, free, across, the, Atlantic, supports, millions, of, good-paying, American, jobs, .]
Parsing [sent. 280 len. 46]: [We, also, know, that, progress, in, the, most, impoverished, parts, of, our, world, enriches, us, all, --, not, only, because, it, creates, new, markets, ,, more, stable, order, in, certain, regions, of, the, world, ,, but, also, because, it, 's, the, right, thing, to, do, .]
Parsing [sent. 281 len. 15]: [In, many, places, ,, people, live, on, little, more, than, a, dollar, a, day, .]
Parsing [sent. 282 len. 83]: [So, the, United, States, will, join, with, our, allies, to, eradicate, such, extreme, poverty, in, the, next, two, decades, by, connecting, more, people, to, the, global, economy, ;, by, empowering, women, ;, by, giving, our, young, and, brightest, minds, new, opportunities, to, serve, ,, and, helping, communities, to, feed, ,, and, power, ,, and, educate, themselves, ;, by, saving, the, world, 's, children, from, preventable, deaths, ;, and, by, realizing, the, promise, of, an, AIDS-free, generation, ,, which, is, within, our, reach, .]
Parsing [sent. 283 len. 20]: [You, see, ,, America, must, remain, a, beacon, to, all, who, seek, freedom, during, this, period, of, historic, change, .]
Parsing [sent. 284 len. 63]: [I, saw, the, power, of, hope, last, year, in, Rangoon, ,, in, Burma, ,, when, Aung, San, Suu, Kyi, welcomed, an, American, President, into, the, home, where, she, had, been, imprisoned, for, years, ;, when, thousands, of, Burmese, lined, the, streets, ,, waving, American, flags, ,, including, a, man, who, said, ,, ``, There, is, justice, and, law, in, the, United, States, .]
Parsing [sent. 285 len. 10]: [I, want, our, country, to, be, like, that, ., '']
Parsing [sent. 286 len. 24]: [In, defense, of, freedom, ,, we, 'll, remain, the, anchor, of, strong, alliances, from, the, Americas, to, Africa, ;, from, Europe, to, Asia, .]
Parsing [sent. 287 len. 24]: [In, the, Middle, East, ,, we, will, stand, with, citizens, as, they, demand, their, universal, rights, ,, and, support, stable, transitions, to, democracy, .]
Parsing [sent. 288 len. 42]: [We, know, the, process, will, be, messy, ,, and, we, can, not, presume, to, dictate, the, course, of, change, in, countries, like, Egypt, ,, but, we, can, --, and, will, --, insist, on, respect, for, the, fundamental, rights, of, all, people, .]
Parsing [sent. 289 len. 28]: [We, 'll, keep, the, pressure, on, a, Syrian, regime, that, has, murdered, its, own, people, ,, and, support, opposition, leaders, that, respect, the, rights, of, every, Syrian, .]
Parsing [sent. 290 len. 16]: [And, we, will, stand, steadfast, with, Israel, in, pursuit, of, security, and, a, lasting, peace, .]
Parsing [sent. 291 len. 17]: [These, are, the, messages, I, 'll, deliver, when, I, travel, to, the, Middle, East, next, month, .]
Parsing [sent. 292 len. 42]: [And, all, this, work, depends, on, the, courage, and, sacrifice, of, those, who, serve, in, dangerous, places, at, great, personal, risk, --, -, our, diplomats, ,, our, intelligence, officers, ,, and, the, men, and, women, of, the, United, States, Armed, Forces, .]
Parsing [sent. 293 len. 35]: [As, long, as, I, 'm, Commander-in-Chief, ,, we, will, do, whatever, we, must, to, protect, those, who, serve, their, country, abroad, ,, and, we, will, maintain, the, best, military, the, world, has, ever, known, .]
Parsing [sent. 294 len. 16]: [We, 'll, invest, in, new, capabilities, ,, even, as, we, reduce, waste, and, wartime, spending, .]
Parsing [sent. 295 len. 20]: [We, will, ensure, equal, treatment, for, all, servicemembers, ,, and, equal, benefits, for, their, families, --, gay, and, straight, .]
Parsing [sent. 296 len. 29]: [We, will, draw, upon, the, courage, and, skills, of, our, sisters, and, daughters, and, moms, ,, because, women, have, proven, under, fire, that, they, are, ready, for, combat, .]
Parsing [sent. 297 len. 47]: [We, will, keep, faith, with, our, veterans, ,, investing, in, world-class, care, ,, including, mental, health, care, ,, for, our, wounded, warriors, --, -LRB-, applause, -RRB-, --, supporting, our, military, families, ;, giving, our, veterans, the, benefits, and, education, and, job, opportunities, that, they, have, earned, .]
Parsing [sent. 298 len. 31]: [And, I, want, to, thank, my, wife, ,, Michelle, ,, and, Dr., Jill, Biden, for, their, continued, dedication, to, serving, our, military, families, as, well, as, they, have, served, us, .]
Parsing [sent. 299 len. 5]: [Thank, you, ,, honey, .]
Parsing [sent. 300 len. 5]: [Thank, you, ,, Jill, .]
Parsing [sent. 301 len. 16]: [Defending, our, freedom, ,, though, ,, is, not, just, the, job, of, our, military, alone, .]
Parsing [sent. 302 len. 18]: [We, must, all, do, our, part, to, make, sure, our, God-given, rights, are, protected, here, at, home, .]
Parsing [sent. 303 len. 17]: [That, includes, one, of, the, most, fundamental, right, of, a, democracy, :, the, right, to, vote, .]
Parsing [sent. 304 len. 44]: [When, any, American, ,, no, matter, where, they, live, or, what, their, party, ,, are, denied, that, right, because, they, ca, n't, afford, to, wait, for, five, or, six, or, seven, hours, just, to, cast, their, ballot, ,, we, are, betraying, our, ideals, .]
Parsing [sent. 305 len. 17]: [So, tonight, ,, I, 'm, announcing, a, nonpartisan, commission, to, improve, the, voting, experience, in, America, .]
Parsing [sent. 306 len. 6]: [And, it, definitely, needs, improvement, .]
Parsing [sent. 307 len. 36]: [I, 'm, asking, two, long-time, experts, in, the, field, --, who, ,, by, the, way, ,, recently, served, as, the, top, attorneys, for, my, campaign, and, for, Governor, Romney, 's, campaign, --, to, lead, it, .]
Parsing [sent. 308 len. 9]: [We, can, fix, this, ,, and, we, will, .]
Parsing [sent. 309 len. 12]: [The, American, people, demand, it, ,, and, so, does, our, democracy, .]
Parsing [sent. 310 len. 26]: [Of, course, ,, what, I, 've, said, tonight, matters, little, if, we, do, n't, come, together, to, protect, our, most, precious, resource, :, our, children, .]
Parsing [sent. 311 len. 8]: [It, has, been, two, months, since, Newtown, .]
Parsing [sent. 312 len. 18]: [I, know, this, is, not, the, first, time, this, country, has, debated, how, to, reduce, gun, violence, .]
Parsing [sent. 313 len. 6]: [But, this, time, is, different, .]
Parsing [sent. 314 len. 38]: [Overwhelming, majorities, of, Americans, --, Americans, who, believe, in, the, Second, Amendment, --, have, come, together, around, common-sense, reform, ,, like, background, checks, that, will, make, it, harder, for, criminals, to, get, their, hands, on, a, gun, .]
Parsing [sent. 315 len. 22]: [Senators, of, both, parties, are, working, together, on, tough, new, laws, to, prevent, anyone, from, buying, guns, for, resale, to, criminals, .]
Parsing [sent. 316 len. 36]: [Police, chiefs, are, asking, our, help, to, get, weapons, of, war, and, massive, ammunition, magazines, off, our, streets, ,, because, these, police, chiefs, ,, they, 're, tired, of, seeing, their, guys, and, gals, being, outgunned, .]
Parsing [sent. 317 len. 10]: [Each, of, these, proposals, deserves, a, vote, in, Congress, .]
Parsing [sent. 318 len. 14]: [Now, ,, if, you, want, to, vote, no, ,, that, 's, your, choice, .]
Parsing [sent. 319 len. 7]: [But, these, proposals, deserve, a, vote, .]
Parsing [sent. 320 len. 35]: [Because, in, the, two, months, since, Newtown, ,, more, than, a, thousand, birthdays, ,, graduations, ,, anniversaries, have, been, stolen, from, our, lives, by, a, bullet, from, a, gun, --, more, than, a, thousand, .]
Parsing [sent. 321 len. 13]: [One, of, those, we, lost, was, a, young, girl, named, Hadiya, Pendleton, .]
Parsing [sent. 322 len. 6]: [She, was, 15, years, old, .]
Parsing [sent. 323 len. 8]: [She, loved, Fig, Newtons, and, lip, gloss, .]
Parsing [sent. 324 len. 5]: [She, was, a, majorette, .]
Parsing [sent. 325 len. 16]: [She, was, so, good, to, her, friends, they, all, thought, they, were, her, best, friend, .]
Parsing [sent. 326 len. 24]: [Just, three, weeks, ago, ,, she, was, here, ,, in, Washington, ,, with, her, classmates, ,, performing, for, her, country, at, my, inauguration, .]
Parsing [sent. 327 len. 25]: [And, a, week, later, ,, she, was, shot, and, killed, in, a, Chicago, park, after, school, ,, just, a, mile, away, from, my, house, .]
Parsing [sent. 328 len. 31]: [Hadiya, 's, parents, ,, Nate, and, Cleo, ,, are, in, this, chamber, tonight, ,, along, with, more, than, two, dozen, Americans, whose, lives, have, been, torn, apart, by, gun, violence, .]
Parsing [sent. 329 len. 5]: [They, deserve, a, vote, .]
Parsing [sent. 330 len. 5]: [They, deserve, a, vote, .]
Parsing [sent. 331 len. 6]: [Gabby, Giffords, deserves, a, vote, .]
Parsing [sent. 332 len. 8]: [The, families, of, Newtown, deserve, a, vote, .]
Parsing [sent. 333 len. 8]: [The, families, of, Aurora, deserve, a, vote, .]
Parsing [sent. 334 len. 28]: [The, families, of, Oak, Creek, and, Tucson, and, Blacksburg, ,, and, the, countless, other, communities, ripped, open, by, gun, violence, --, -, they, deserve, a, simple, vote, .]
Parsing [sent. 335 len. 6]: [They, deserve, a, simple, vote, .]
Parsing [sent. 336 len. 14]: [Our, actions, will, not, prevent, every, senseless, act, of, violence, in, this, country, .]
Parsing [sent. 337 len. 23]: [In, fact, ,, no, laws, ,, no, initiatives, ,, no, administrative, acts, will, perfectly, solve, all, the, challenges, I, 've, outlined, tonight, .]
Parsing [sent. 338 len. 10]: [But, we, were, never, sent, here, to, be, perfect, .]
Parsing [sent. 339 len. 36]: [We, were, sent, here, to, make, what, difference, we, can, ,, to, secure, this, nation, ,, expand, opportunity, ,, uphold, our, ideals, through, the, hard, ,, often, frustrating, ,, but, absolutely, necessary, work, of, self-government, .]
Parsing [sent. 340 len. 34]: [We, were, sent, here, to, look, out, for, our, fellow, Americans, the, same, way, they, look, out, for, one, another, ,, every, single, day, ,, usually, without, fanfare, ,, all, across, this, country, .]
Parsing [sent. 341 len. 6]: [We, should, follow, their, example, .]
Parsing [sent. 342 len. 15]: [We, should, follow, the, example, of, a, New, York, City, nurse, named, Menchu, Sanchez, .]
Parsing [sent. 343 len. 21]: [When, Hurricane, Sandy, plunged, her, hospital, into, darkness, ,, she, was, n't, thinking, about, how, her, own, home, was, faring, .]
Parsing [sent. 344 len. 23]: [Her, mind, was, on, the, 20, precious, newborns, in, her, care, and, the, rescue, plan, she, devised, that, kept, them, all, safe, .]
Parsing [sent. 345 len. 14]: [We, should, follow, the, example, of, a, North, Miami, woman, named, Desiline, Victor, .]
Parsing [sent. 346 len. 20]: [When, Desiline, arrived, at, her, polling, place, ,, she, was, told, the, wait, to, vote, might, be, six, hours, .]
Parsing [sent. 347 len. 30]: [And, as, time, ticked, by, ,, her, concern, was, not, with, her, tired, body, or, aching, feet, ,, but, whether, folks, like, her, would, get, to, have, their, say, .]
Parsing [sent. 348 len. 23]: [And, hour, after, hour, ,, a, throng, of, people, stayed, in, line, to, support, her, --, because, Desiline, is, 102, years, old, .]
Parsing [sent. 349 len. 20]: [And, they, erupted, in, cheers, when, she, finally, put, on, a, sticker, that, read, ,, ``, I, voted, ., '']
Parsing [sent. 350 len. 13]: [We, should, follow, the, example, of, a, police, officer, named, Brian, Murphy, .]
Parsing [sent. 351 len. 27]: [When, a, gunman, opened, fire, on, a, Sikh, temple, in, Wisconsin, and, Brian, was, the, first, to, arrive, ,, he, did, not, consider, his, own, safety, .]
Parsing [sent. 352 len. 31]: [He, fought, back, until, help, arrived, and, ordered, his, fellow, officers, to, protect, the, safety, of, the, Americans, worshiping, inside, ,, even, as, he, lay, bleeding, from, 12, bullet, wounds, .]
Parsing [sent. 353 len. 22]: [And, when, asked, how, he, did, that, ,, Brian, said, ,, ``, That, 's, just, the, way, we, 're, made, ., '']
Parsing [sent. 354 len. 9]: [That, 's, just, the, way, we, 're, made, .]
Parsing [sent. 355 len. 20]: [We, may, do, different, jobs, and, wear, different, uniforms, ,, and, hold, different, views, than, the, person, beside, us, .]
Parsing [sent. 356 len. 16]: [But, as, Americans, ,, we, all, share, the, same, proud, title, --, we, are, citizens, .]
Parsing [sent. 357 len. 15]: [It, 's, a, word, that, does, n't, just, describe, our, nationality, or, legal, status, .]
Parsing [sent. 358 len. 8]: [It, describes, the, way, we, 're, made, .]
Parsing [sent. 359 len. 6]: [It, describes, what, we, believe, .]
Parsing [sent. 360 len. 75]: [It, captures, the, enduring, idea, that, this, country, only, works, when, we, accept, certain, obligations, to, one, another, and, to, future, generations, ,, that, our, rights, are, wrapped, up, in, the, rights, of, others, ;, and, that, well, into, our, third, century, as, a, nation, ,, it, remains, the, task, of, us, all, ,, as, citizens, of, these, United, States, ,, to, be, the, authors, of, the, next, great, chapter, of, our, American, story, .]
Parsing [sent. 361 len. 3]: [Thank, you, .]
Parsing [sent. 362 len. 13]: [God, bless, you, ,, and, God, bless, these, United, States, of, America, .]
Parsed file: sotu2013.txt [362 sentences].
Parsed 7754 words in 362 sentences (68.87 wds/sec; 3.22 sents/sec).
