000 (105754.000.000) 03/20 23:09:33 Job submitted from host: <192.168.100.50:57828>
...
001 (105754.000.000) 03/20 23:09:37 Job executing on host: <192.168.100.59:60640>
...
006 (105754.000.000) 03/20 23:09:46 Image size of job updated: 12886264
...
006 (105754.000.000) 03/20 23:12:31 Image size of job updated: 12937712
...
005 (105754.000.000) 03/20 23:12:31 Job terminated.
	(1) Normal termination (return value 0)
		Usr 0 00:02:24, Sys 0 00:00:01  -  Run Remote Usage
		Usr 0 00:00:00, Sys 0 00:00:00  -  Run Local Usage
		Usr 0 00:02:24, Sys 0 00:00:01  -  Total Remote Usage
		Usr 0 00:00:00, Sys 0 00:00:00  -  Total Local Usage
	0  -  Run Bytes Sent By Job
	0  -  Run Bytes Received By Job
	0  -  Total Bytes Sent By Job
	0  -  Total Bytes Received By Job
...
000 (105757.000.000) 03/20 23:30:48 Job submitted from host: <192.168.100.50:57828>
...
001 (105757.000.000) 03/20 23:30:48 Job executing on host: <192.168.100.59:60640>
...
006 (105757.000.000) 03/20 23:30:57 Image size of job updated: 12830468
...
006 (105757.000.000) 03/20 23:33:15 Image size of job updated: 12842600
...
005 (105757.000.000) 03/20 23:33:16 Job terminated.
	(1) Normal termination (return value 0)
		Usr 0 00:01:59, Sys 0 00:00:01  -  Run Remote Usage
		Usr 0 00:00:00, Sys 0 00:00:00  -  Run Local Usage
		Usr 0 00:01:59, Sys 0 00:00:01  -  Total Remote Usage
		Usr 0 00:00:00, Sys 0 00:00:00  -  Total Local Usage
	0  -  Run Bytes Sent By Job
	0  -  Run Bytes Received By Job
	0  -  Total Bytes Sent By Job
	0  -  Total Bytes Received By Job
...
