000 (105564.000.000) 03/19 13:39:54 Job submitted from host: <192.168.100.50:57828>
...
001 (105564.000.000) 03/19 13:42:37 Job executing on host: <192.168.100.74:51955>
...
006 (105564.000.000) 03/19 13:47:47 Image size of job updated: 3037500
...
010 (105564.000.000) 03/19 13:52:41 Job was suspended.
	Number of processes actually suspended: 1
...
006 (105564.000.000) 03/19 13:52:41 Image size of job updated: 4248892
...
011 (105564.000.000) 03/19 13:53:01 Job was unsuspended.
...
010 (105564.000.000) 03/19 13:56:33 Job was suspended.
	Number of processes actually suspended: 1
...
006 (105564.000.000) 03/19 13:56:33 Image size of job updated: 4921660
...
011 (105564.000.000) 03/19 13:58:28 Job was unsuspended.
...
010 (105564.000.000) 03/19 14:00:47 Job was suspended.
	Number of processes actually suspended: 1
...
011 (105564.000.000) 03/19 14:02:16 Job was unsuspended.
...
010 (105564.000.000) 03/19 14:04:36 Job was suspended.
	Number of processes actually suspended: 1
...
004 (105564.000.000) 03/19 14:13:43 Job was evicted.
	(0) Job was not checkpointed.
		Usr 0 00:09:25, Sys 0 00:00:10  -  Run Remote Usage
		Usr 0 00:00:00, Sys 0 00:00:00  -  Run Local Usage
	0  -  Run Bytes Sent By Job
	0  -  Run Bytes Received By Job
...
009 (105564.000.000) 03/19 14:13:43 Job was aborted by the user.
	via condor_rm (by user sbehr)
...
